<?xml version="1.0" encoding="UTF-8"?>
<!-- Generated by org.testng.reporters.JUnitReportReporter -->
<testsuite hostname="LAPTOP-086R0F2E" failures="0" tests="6" name="maven.project.AmazonTest" time="0.028" errors="0" timestamp="2021-08-11T15:49:21 IST" skipped="0">
  <testcase classname="maven.project.AmazonTest" name="launcbrowser" time="0.002"/>
  <system-out/>
  <testcase classname="maven.project.AmazonTest" name="aundrfined" time="0.009"/>
  <system-out/>
  <testcase classname="maven.project.AmazonTest" name="opentheWebsite" time="0.004"/>
  <system-out/>
  <testcase classname="maven.project.AmazonTest" name="maximizeTheWindow" time="0.003"/>
  <system-out/>
  <testcase classname="maven.project.AmazonTest" name="waiting" time="0.004"/>
  <system-out/>
  <testcase classname="maven.project.AmazonTest" name="closeTheBrowser" time="0.006"/>
  <system-out/>
</testsuite> <!-- maven.project.AmazonTest -->
